  Main.cpp
LINK : warning LNK4098: defaultlib 'MSVCRT' conflicts with use of other libs; use /NODEFAULTLIB:library
GLSLProgram.obj : error LNK2001: unresolved external symbol __imp____glewAttachShader
GLSLProgram.obj : error LNK2001: unresolved external symbol __imp____glewBindAttribLocation
GLSLProgram.obj : error LNK2001: unresolved external symbol __imp____glewCompileShader
GLSLProgram.obj : error LNK2001: unresolved external symbol __imp____glewCreateProgram
GLSLProgram.obj : error LNK2001: unresolved external symbol __imp____glewCreateShader
GLSLProgram.obj : error LNK2001: unresolved external symbol __imp____glewDisableVertexAttribArray
GLSLProgram.obj : error LNK2001: unresolved external symbol __imp____glewEnableVertexAttribArray
Object.obj : error LNK2001: unresolved external symbol __imp____glewEnableVertexAttribArray
GLSLProgram.obj : error LNK2001: unresolved external symbol __imp____glewGetAttribLocation
GLSLProgram.obj : error LNK2001: unresolved external symbol __imp____glewLinkProgram
GLSLProgram.obj : error LNK2001: unresolved external symbol __imp____glewShaderSource
GLSLProgram.obj : error LNK2001: unresolved external symbol __imp____glewUseProgram
GLSLProgram.obj : error LNK2001: unresolved external symbol __imp____glewBindFragDataLocation
Main.obj : error LNK2019: unresolved external symbol __imp__glewInit@0 referenced in function _main
Main.obj : error LNK2001: unresolved external symbol __imp__glewExperimental
Object.obj : error LNK2001: unresolved external symbol __imp____glewBindBuffer
Object.obj : error LNK2001: unresolved external symbol __imp____glewBufferData
Object.obj : error LNK2001: unresolved external symbol __imp____glewGenBuffers
Object.obj : error LNK2001: unresolved external symbol __imp____glewVertexAttribPointer
Object.obj : error LNK2001: unresolved external symbol __imp____glewBindVertexArray
Object.obj : error LNK2001: unresolved external symbol __imp____glewGenVertexArrays
C:\Users\Jonas\Documents\GitHub\OpenGL\Debug\OpenGL.exe : fatal error LNK1120: 20 unresolved externals
